CUDA available: False
Device used: cpu
Loading data for splitting...
Data loaded, splitting into unique test datasets...
Number of samples for training, validation and test for the 10 folds:
Fold 0: 70156, 20045, 10005
Fold 1: 70156, 20045, 10005
Fold 2: 70156, 20045, 10005
Fold 3: 70156, 20045, 10005
Fold 4: 70156, 20045, 10005
Fold 5: 70156, 20045, 10005
Fold 6: 70156, 20045, 10005
Fold 7: 70156, 20045, 10005
Fold 8: 70156, 20045, 10005
Fold 9: 70156, 20045, 10005
10 datasets created, models loaded, starting training using this architecture:
----------------------------------------------------------------
        Layer (type)               Output Shape         Param #
================================================================
           Flatten-1                 [-1, 1722]               0
       BatchNorm1d-2                 [-1, 1722]           3,444
            Linear-3                  [-1, 500]         861,500
              ReLU-4                  [-1, 500]               0
           Dropout-5                  [-1, 500]               0
            Linear-6                  [-1, 500]         250,500
              ReLU-7                  [-1, 500]               0
           Dropout-8                  [-1, 500]               0
            Linear-9                  [-1, 500]         250,500
             ReLU-10                  [-1, 500]               0
          Dropout-11                  [-1, 500]               0
           Linear-12                    [-1, 1]             501
================================================================
Total params: 1,366,445
Trainable params: 1,366,445
Non-trainable params: 0
----------------------------------------------------------------
Input size (MB): 0.01
Forward/backward pass size (MB): 0.06
Params size (MB): 5.21
Estimated Total Size (MB): 5.28
----------------------------------------------------------------
Training on 1 finished. Time for training: 21.118428945541382 minutes
Training on 0 finished. Time for training: 21.641899502277376 minutes
Training on 3 finished. Time for training: 21.866330365339916 minutes
Training on 2 finished. Time for training: 21.941889317830405 minutes
Training on 7 finished. Time for training: 22.316489251454673 minutes
Training on 5 finished. Time for training: 22.485610953966777 minutes
Training on 9 finished. Time for training: 22.80983608563741 minutes
Training on 6 finished. Time for training: 23.479909805456796 minutes
Training on 8 finished. Time for training: 23.66703644593557 minutes
Training on 4 finished. Time for training: 23.69370762507121 minutes
trained models for `exp_shuffled` gathered, saved at: /home/lepikhovd/3D-Vac/src/4_train_models/CNN/I/classification/seq/trained_models/mlp_classification_blosum_with_allele_encoder_500_neurons_50_epochs_exp_shuffled_64_batch_size.pt
